<?xml version="1.0" encoding="UTF-8"?>
<!-- Generated by org.testng.reporters.JUnitXMLReporter -->
<testsuite hostname="noi-tmishra-w10" ignored="0" name="Default test" tests="7" failures="0" timestamp="20 Feb 2018 08:55:22 GMT" time="10.736" errors="0">
  <testcase name="Test_00" time="2.12" classname="Flipfont_Tags.FlipfontGetRequests"/>
  <testcase name="Test_01" time="0.806" classname="Flipfont_Tags.FlipfontGetRequests"/>
  <testcase name="Test_02" time="2.275" classname="Flipfont_Tags.FlipfontGetRequests"/>
  <testcase name="Test_03" time="1.424" classname="Flipfont_Tags.FlipfontGetRequests"/>
  <testcase name="Test_04" time="1.364" classname="Flipfont_Tags.FlipfontGetRequests"/>
  <testcase name="Test_05" time="1.322" classname="Flipfont_Tags.FlipfontGetRequests"/>
  <testcase name="Test_06" time="1.378" classname="Flipfont_Tags.FlipfontGetRequests"/>
</testsuite> <!-- Default test -->
