<?xml version="1.0" encoding="UTF-8"?>
<testng-results skipped="0" failed="0" ignored="0" total="7" passed="7">
  <reporter-output>
  </reporter-output>
  <suite name="Default suite" duration-ms="10736" started-at="2018-02-20T08:55:11Z" finished-at="2018-02-20T08:55:22Z">
    <groups>
    </groups>
    <test name="Default test" duration-ms="10736" started-at="2018-02-20T08:55:11Z" finished-at="2018-02-20T08:55:22Z">
      <class name="Flipfont_Tags.FlipfontGetRequests">
        <test-method status="PASS" signature="Test_00()[pri:0, instance:Flipfont_Tags.FlipfontGetRequests@63e2203c]" name="Test_00" duration-ms="2120" started-at="2018-02-20T14:25:11Z" finished-at="2018-02-20T14:25:13Z">
          <reporter-output>
          </reporter-output>
        </test-method> <!-- Test_00 -->
        <test-method status="PASS" signature="Test_01()[pri:0, instance:Flipfont_Tags.FlipfontGetRequests@63e2203c]" name="Test_01" duration-ms="806" started-at="2018-02-20T14:25:13Z" finished-at="2018-02-20T14:25:14Z">
          <reporter-output>
          </reporter-output>
        </test-method> <!-- Test_01 -->
        <test-method status="PASS" signature="Test_02()[pri:0, instance:Flipfont_Tags.FlipfontGetRequests@63e2203c]" name="Test_02" duration-ms="2275" started-at="2018-02-20T14:25:14Z" finished-at="2018-02-20T14:25:16Z">
          <reporter-output>
          </reporter-output>
        </test-method> <!-- Test_02 -->
        <test-method status="PASS" signature="Test_03()[pri:0, instance:Flipfont_Tags.FlipfontGetRequests@63e2203c]" name="Test_03" duration-ms="1424" started-at="2018-02-20T14:25:16Z" finished-at="2018-02-20T14:25:18Z">
          <reporter-output>
          </reporter-output>
        </test-method> <!-- Test_03 -->
        <test-method status="PASS" signature="Test_04()[pri:0, instance:Flipfont_Tags.FlipfontGetRequests@63e2203c]" name="Test_04" duration-ms="1364" started-at="2018-02-20T14:25:18Z" finished-at="2018-02-20T14:25:19Z">
          <reporter-output>
          </reporter-output>
        </test-method> <!-- Test_04 -->
        <test-method status="PASS" signature="Test_05()[pri:0, instance:Flipfont_Tags.FlipfontGetRequests@63e2203c]" name="Test_05" duration-ms="1322" started-at="2018-02-20T14:25:19Z" finished-at="2018-02-20T14:25:20Z">
          <reporter-output>
          </reporter-output>
        </test-method> <!-- Test_05 -->
        <test-method status="PASS" signature="Test_06()[pri:0, instance:Flipfont_Tags.FlipfontGetRequests@63e2203c]" name="Test_06" duration-ms="1378" started-at="2018-02-20T14:25:20Z" finished-at="2018-02-20T14:25:22Z">
          <reporter-output>
          </reporter-output>
        </test-method> <!-- Test_06 -->
      </class> <!-- Flipfont_Tags.FlipfontGetRequests -->
    </test> <!-- Default test -->
  </suite> <!-- Default suite -->
</testng-results>
